Command line:
   WB_tb_isim_beh.exe
     -simmode  gui
     -simrunnum  0
     -socket  37201

Wed Apr 11 12:05:39 2018


 Elaboration Time: 0.02 sec

 Current Memory Usage: 198.107 Meg

 Total Signals          : 27
 Total Nets             : 126
 Total Signal Drivers   : 16
 Total Blocks           : 3
 Total Primitive Blocks : 2
 Total Processes        : 21
 Total Traceable Variables  : 33
 Total Scalar Nets and Variables : 386
Total Line Count : 61

 Total Simulation Time: 0.03 sec

 Current Memory Usage: 273.609 Meg

Wed Apr 11 12:06:53 2018

