Command line:
   EX_tb_isim_beh.exe
     -simmode  gui
     -simrunnum  0
     -socket  46141

Wed Apr 11 11:53:11 2018


 Elaboration Time: 0.01 sec

 Current Memory Usage: 198.25 Meg

 Total Signals          : 78
 Total Nets             : 493
 Total Signal Drivers   : 47
 Total Blocks           : 5
 Total Primitive Blocks : 3
 Total Processes        : 56
 Total Traceable Variables  : 58
 Total Scalar Nets and Variables : 3035
Total Line Count : 173

 Total Simulation Time: 0.01 sec

 Current Memory Usage: 273.752 Meg

Wed Apr 11 11:54:57 2018

