Command line:
   IF_tb_isim_beh.exe
     -simmode  gui
     -simrunnum  0
     -socket  59473

Tue Apr 10 22:17:43 2018


 Elaboration Time: 0.01 sec

 Current Memory Usage: 198.107 Meg

 Total Signals          : 21
 Total Nets             : 142
 Total Signal Drivers   : 10
 Total Blocks           : 4
 Total Primitive Blocks : 2
 Total Processes        : 15
 Total Traceable Variables  : 33
 Total Scalar Nets and Variables : 8831
Total Line Count : 42

 Total Simulation Time: 0.01 sec

 Current Memory Usage: 273.609 Meg

Tue Apr 10 22:18:59 2018

