Command line:
   Mod_Function_unit_tb_isim_beh.exe
     -simmode  gui
     -simrunnum  0
     -socket  37579

Wed Apr 11 11:14:08 2018


 Elaboration Time: 0.01 sec

 Current Memory Usage: 198.111 Meg

 Total Signals          : 29
 Total Nets             : 133
 Total Signal Drivers   : 16
 Total Blocks           : 3
 Total Primitive Blocks : 2
 Total Processes        : 20
 Total Traceable Variables  : 29
 Total Scalar Nets and Variables : 357
Total Line Count : 150

 Total Simulation Time: 0.02 sec

 Current Memory Usage: 273.613 Meg

Wed Apr 11 11:14:21 2018

