Command line:
   EX_isim_beh.exe
     -simmode  gui
     -simrunnum  0
     -socket  55461

Wed Apr 11 11:25:13 2018


 Elaboration Time: 0.01 sec

 Current Memory Usage: 198.115 Meg

 Total Signals          : 57
 Total Nets             : 493
 Total Signal Drivers   : 40
 Total Blocks           : 4
 Total Primitive Blocks : 3
 Total Processes        : 47
 Total Traceable Variables  : 52
 Total Scalar Nets and Variables : 2984
Total Line Count : 118

 Total Simulation Time: 4.82 sec

 Current Memory Usage: 273.617 Meg

Wed Apr 11 11:28:56 2018

