Command line:
   memDATA_isim_beh.exe
     -simmode  gui
     -simrunnum  0
     -socket  43573

Wed Apr 11 10:54:19 2018


 Elaboration Time: 0.01 sec

 Current Memory Usage: 198.103 Meg

 Total Signals          : 18
 Total Nets             : 111
 Total Signal Drivers   : 6
 Total Blocks           : 2
 Total Primitive Blocks : 2
 Total Processes        : 9
 Total Traceable Variables  : 20
 Total Scalar Nets and Variables : 2271
Total Line Count : 23

 Total Simulation Time: 0.02 sec

 Current Memory Usage: 273.605 Meg

Wed Apr 11 10:54:40 2018

